  SFML_Demo.cpp
C:\Users\themy\source\repos\SFML Fun\SFML_Demo\SFML_Demo.cpp(165,81): warning C4244: 'argument': conversion from 'T' to 'T', possible loss of data
          with
          [
              T=int
          ]
          and
          [
              T=float
          ]
C:\Users\themy\source\repos\SFML Fun\SFML_Demo\SFML_Demo.cpp(165,69): warning C4244: 'argument': conversion from 'T' to 'T', possible loss of data
          with
          [
              T=int
          ]
          and
          [
              T=float
          ]
C:\Users\themy\source\repos\SFML Fun\SFML_Demo\SFML_Demo.cpp(170,82): warning C4244: 'argument': conversion from 'T' to 'T', possible loss of data
          with
          [
              T=int
          ]
          and
          [
              T=float
          ]
C:\Users\themy\source\repos\SFML Fun\SFML_Demo\SFML_Demo.cpp(170,70): warning C4244: 'argument': conversion from 'T' to 'T', possible loss of data
          with
          [
              T=int
          ]
          and
          [
              T=float
          ]
C:\Users\themy\source\repos\SFML Fun\SFML_Demo\SFML_Demo.cpp(177,87): warning C4244: 'argument': conversion from 'T' to 'T', possible loss of data
          with
          [
              T=int
          ]
          and
          [
              T=float
          ]
C:\Users\themy\source\repos\SFML Fun\SFML_Demo\SFML_Demo.cpp(177,75): warning C4244: 'argument': conversion from 'T' to 'T', possible loss of data
          with
          [
              T=int
          ]
          and
          [
              T=float
          ]
C:\Users\themy\source\repos\SFML Fun\SFML_Demo\SFML_Demo.cpp(190,91): warning C4244: 'argument': conversion from 'T' to 'T', possible loss of data
          with
          [
              T=int
          ]
          and
          [
              T=float
          ]
C:\Users\themy\source\repos\SFML Fun\SFML_Demo\SFML_Demo.cpp(190,79): warning C4244: 'argument': conversion from 'T' to 'T', possible loss of data
          with
          [
              T=int
          ]
          and
          [
              T=float
          ]
C:\Users\themy\source\repos\SFML Fun\SFML_Demo\SFML_Demo.cpp(190,155): warning C4244: 'argument': conversion from 'T' to 'T', possible loss of data
          with
          [
              T=int
          ]
          and
          [
              T=float
          ]
C:\Users\themy\source\repos\SFML Fun\SFML_Demo\SFML_Demo.cpp(190,143): warning C4244: 'argument': conversion from 'T' to 'T', possible loss of data
          with
          [
              T=int
          ]
          and
          [
              T=float
          ]
C:\Users\themy\source\repos\SFML Fun\SFML_Demo\SFML_Demo.cpp(359,39): warning C4018: '<': signed/unsigned mismatch
C:\Users\themy\source\repos\SFML Fun\SFML_Demo\SFML_Demo.cpp(407,39): warning C4018: '<': signed/unsigned mismatch
  SFML_Demo.vcxproj -> C:\Users\themy\source\repos\SFML Fun\Debug\SFML_Demo.exe
